-- The C compiler identification is GNU 15.1.0
-- The CXX compiler identification is GNU 15.1.0
-- Detecting C compiler ABI info
-- Detecting C compiler ABI info - done
-- Check for working C compiler: /opt/devkitpro/devkitA64/bin/aarch64-none-elf-gcc - skipped
-- Detecting C compile features
-- Detecting C compile features - done
-- Detecting CXX compiler ABI info
-- Detecting CXX compiler ABI info - done
-- Check for working CXX compiler: /opt/devkitpro/devkitA64/bin/aarch64-none-elf-g++ - skipped
-- Detecting CXX compile features
-- Detecting CXX compile features - done
-- Populating raylib
-- Configuring done
-- Generating done
-- Build files have been written to: /mnt/c/Users/jayde/build-switch/_deps/raylib-subbuild
[1/8] Creating directories for 'raylib-populate'
[1/8] Performing download step (download, verify and extract) for 'raylib-populate'
-- Downloading...
   dst='/mnt/c/Users/jayde/build-switch/_deps/raylib-subbuild/raylib-populate-prefix/src/master.zip'
   timeout='none'
   inactivity timeout='none'
-- Using src='https://github.com/Encore-Developers/raylib/archive/refs/heads/master.zip'
-- Downloading... done
-- extracting...
     src='/mnt/c/Users/jayde/build-switch/_deps/raylib-subbuild/raylib-populate-prefix/src/master.zip'
     dst='/mnt/c/Users/jayde/build-switch/_deps/raylib-src'
-- extracting... [tar xfz]
-- extracting... [analysis]
-- extracting... [rename]
-- extracting... [clean up]
-- extracting... done
[3/8] No patch step for 'raylib-populate'
[4/8] No configure step for 'raylib-populate'
[5/8] No build step for 'raylib-populate'
[6/8] No install step for 'raylib-populate'
[7/8] No test step for 'raylib-populate'
[8/8] Completed 'raylib-populate'
-- Performing Test COMPILER_HAS_THOSE_TOGGLES
-- Performing Test COMPILER_HAS_THOSE_TOGGLES - Success
-- Testing if -Werror=pointer-arith can be used -- compiles
-- Testing if -Werror=implicit-function-declaration can be used -- compiles
-- Testing if -fno-strict-aliasing can be used -- compiles
CMake Warning at /mnt/c/Users/jayde/build-switch/_deps/raylib-src/src/CMakeLists.txt:14 (message):
  Default build type is not set (CMAKE_BUILD_TYPE)


-- Setting build type to '' as none was specified.
-- Using raylib's GLFW
-- Looking for pthread.h
-- Looking for pthread.h - found
-- Performing Test CMAKE_HAVE_LIBC_PTHREAD
-- Performing Test CMAKE_HAVE_LIBC_PTHREAD - Success
-- Found Threads: TRUE  
-- Audio Backend: miniaudio
-- Building raylib static library
-- Generated build type: 
-- Compiling with the flags:
--   PLATFORM=PLATFORM_DESKTOP
--   GRAPHICS=GRAPHICS_API_OPENGL_33
-- Populating json
-- Configuring done
-- Generating done
-- Build files have been written to: /mnt/c/Users/jayde/build-switch/_deps/json-subbuild
[1/8] Creating directories for 'json-populate'
[1/8] Performing download step (download, verify and extract) for 'json-populate'
-- Downloading...
   dst='/mnt/c/Users/jayde/build-switch/_deps/json-subbuild/json-populate-prefix/src/json.tar.xz'
   timeout='none'
   inactivity timeout='none'
-- Using src='https://github.com/nlohmann/json/releases/download/v3.11.3/json.tar.xz'
-- [download 0% complete]
-- [download 4% complete]
-- [download 15% complete]
-- [download 17% complete]
-- [download 20% complete]
-- [download 22% complete]
-- [download 25% complete]
-- [download 27% complete]
-- [download 30% complete]
-- [download 35% complete]
-- [download 37% complete]
-- [download 43% complete]
-- [download 51% complete]
-- [download 53% complete]
-- [download 56% complete]
-- [download 71% complete]
-- [download 86% complete]
-- [download 100% complete]
-- Downloading... done
-- extracting...
     src='/mnt/c/Users/jayde/build-switch/_deps/json-subbuild/json-populate-prefix/src/json.tar.xz'
     dst='/mnt/c/Users/jayde/build-switch/_deps/json-src'
-- extracting... [tar xfz]
-- extracting... [analysis]
-- extracting... [rename]
-- extracting... [clean up]
-- extracting... done
[3/8] No patch step for 'json-populate'
[4/8] No configure step for 'json-populate'
[5/8] No build step for 'json-populate'
[6/8] No install step for 'json-populate'
[7/8] No test step for 'json-populate'
[8/8] Completed 'json-populate'
-- Using the multi-header code from /mnt/c/Users/jayde/build-switch/_deps/json-src/include/
-- Configuring done
CMake Error: The following variables are used in this project, but they are set to NOTFOUND.
Please set them or make sure they are set and tested correctly in the CMake files:
/mnt/c/Users/jayde/build-switch/_deps/raylib-src/src/OPENGL_INCLUDE_DIR
   used as include directory in directory /mnt/c/Users/jayde/build-switch/_deps/raylib-src/src

-- Generating done
CMake Generate step failed.  Build files cannot be regenerated correctly.
